<?xml version="1.0" encoding="UTF-8"?>
<testng-results skipped="0" failed="1" ignored="0" total="2" passed="1">
  <reporter-output>
  </reporter-output>
  <suite name="Default suite" duration-ms="15204" started-at="2022-11-24T17:45:02 IST" finished-at="2022-11-24T17:45:17 IST">
    <groups>
    </groups>
    <test name="Default test" duration-ms="15204" started-at="2022-11-24T17:45:02 IST" finished-at="2022-11-24T17:45:17 IST">
      <class name="com.ecommerce.opencart.usermodule.LoginToAppTest">
        <test-method status="PASS" signature="configBS()[pri:0, instance:com.ecommerce.opencart.usermodule.LoginToAppTest@569cfc36]" name="configBS" is-config="true" duration-ms="10" started-at="2022-11-24T17:45:02 IST" finished-at="2022-11-24T17:45:02 IST">
          <reporter-output>
          </reporter-output>
        </test-method> <!-- configBS -->
        <test-method status="PASS" signature="configBT()[pri:0, instance:com.ecommerce.opencart.usermodule.LoginToAppTest@569cfc36]" name="configBT" is-config="true" duration-ms="0" started-at="2022-11-24T17:45:02 IST" finished-at="2022-11-24T17:45:02 IST">
          <reporter-output>
          </reporter-output>
        </test-method> <!-- configBT -->
        <test-method status="PASS" signature="configBC()[pri:0, instance:com.ecommerce.opencart.usermodule.LoginToAppTest@569cfc36]" name="configBC" is-config="true" duration-ms="13949" started-at="2022-11-24T17:45:02 IST" finished-at="2022-11-24T17:45:16 IST">
          <reporter-output>
          </reporter-output>
        </test-method> <!-- configBC -->
        <test-method status="PASS" signature="configBM()[pri:0, instance:com.ecommerce.opencart.usermodule.LoginToAppTest@569cfc36]" name="configBM" is-config="true" duration-ms="1" started-at="2022-11-24T17:45:16 IST" finished-at="2022-11-24T17:45:16 IST">
          <reporter-output>
          </reporter-output>
        </test-method> <!-- configBM -->
        <test-method status="PASS" signature="loginToAppTest()[pri:0, instance:com.ecommerce.opencart.usermodule.LoginToAppTest@569cfc36]" name="loginToAppTest" duration-ms="11" started-at="2022-11-24T17:45:16 IST" finished-at="2022-11-24T17:45:16 IST">
          <reporter-output>
          </reporter-output>
        </test-method> <!-- loginToAppTest -->
        <test-method status="PASS" signature="configAM()[pri:0, instance:com.ecommerce.opencart.usermodule.LoginToAppTest@569cfc36]" name="configAM" is-config="true" duration-ms="0" started-at="2022-11-24T17:45:16 IST" finished-at="2022-11-24T17:45:16 IST">
          <reporter-output>
          </reporter-output>
        </test-method> <!-- configAM -->
        <test-method status="FAIL" signature="logoutFromAppTest()[pri:0, instance:com.ecommerce.opencart.usermodule.LoginToAppTest@569cfc36]" name="logoutFromAppTest" duration-ms="5" started-at="2022-11-24T17:45:16 IST" finished-at="2022-11-24T17:45:16 IST">
          <exception class="java.lang.AssertionError">
            <message>
              <![CDATA[null]]>
            </message>
            <full-stacktrace>
              <![CDATA[java.lang.AssertionError: null
at org.testng.Assert.fail(Assert.java:99)
at org.testng.Assert.fail(Assert.java:106)
at com.ecommerce.opencart.usermodule.LoginToAppTest.logoutFromAppTest(LoginToAppTest.java:22)
at sun.reflect.NativeMethodAccessorImpl.invoke0(Native Method)
at sun.reflect.NativeMethodAccessorImpl.invoke(Unknown Source)
at sun.reflect.DelegatingMethodAccessorImpl.invoke(Unknown Source)
at java.lang.reflect.Method.invoke(Unknown Source)
at org.testng.internal.MethodInvocationHelper.invokeMethod(MethodInvocationHelper.java:133)
at org.testng.internal.TestInvoker.invokeMethod(TestInvoker.java:598)
at org.testng.internal.TestInvoker.invokeTestMethod(TestInvoker.java:173)
at org.testng.internal.MethodRunner.runInSequence(MethodRunner.java:46)
at org.testng.internal.TestInvoker$MethodInvocationAgent.invoke(TestInvoker.java:824)
at org.testng.internal.TestInvoker.invokeTestMethods(TestInvoker.java:146)
at org.testng.internal.TestMethodWorker.invokeTestMethods(TestMethodWorker.java:146)
at org.testng.internal.TestMethodWorker.run(TestMethodWorker.java:128)
at java.util.ArrayList.forEach(Unknown Source)
at org.testng.TestRunner.privateRun(TestRunner.java:794)
at org.testng.TestRunner.run(TestRunner.java:596)
at org.testng.SuiteRunner.runTest(SuiteRunner.java:377)
at org.testng.SuiteRunner.runSequentially(SuiteRunner.java:371)
at org.testng.SuiteRunner.privateRun(SuiteRunner.java:332)
at org.testng.SuiteRunner.run(SuiteRunner.java:276)
at org.testng.SuiteRunnerWorker.runSuite(SuiteRunnerWorker.java:53)
at org.testng.SuiteRunnerWorker.run(SuiteRunnerWorker.java:96)
at org.testng.TestNG.runSuitesSequentially(TestNG.java:1212)
at org.testng.TestNG.runSuitesLocally(TestNG.java:1134)
at org.testng.TestNG.runSuites(TestNG.java:1063)
at org.testng.TestNG.run(TestNG.java:1031)
at org.testng.remote.AbstractRemoteTestNG.run(AbstractRemoteTestNG.java:115)
at org.testng.remote.RemoteTestNG.initAndRun(RemoteTestNG.java:251)
at org.testng.remote.RemoteTestNG.main(RemoteTestNG.java:77)
]]>
            </full-stacktrace>
          </exception> <!-- java.lang.AssertionError -->
          <reporter-output>
          </reporter-output>
        </test-method> <!-- logoutFromAppTest -->
        <test-method status="PASS" signature="configBM()[pri:0, instance:com.ecommerce.opencart.usermodule.LoginToAppTest@569cfc36]" name="configBM" is-config="true" duration-ms="0" started-at="2022-11-24T17:45:16 IST" finished-at="2022-11-24T17:45:16 IST">
          <reporter-output>
          </reporter-output>
        </test-method> <!-- configBM -->
        <test-method status="PASS" signature="configAM()[pri:0, instance:com.ecommerce.opencart.usermodule.LoginToAppTest@569cfc36]" name="configAM" is-config="true" duration-ms="0" started-at="2022-11-24T17:45:16 IST" finished-at="2022-11-24T17:45:16 IST">
          <reporter-output>
          </reporter-output>
        </test-method> <!-- configAM -->
        <test-method status="PASS" signature="configAC()[pri:0, instance:com.ecommerce.opencart.usermodule.LoginToAppTest@569cfc36]" name="configAC" is-config="true" duration-ms="659" started-at="2022-11-24T17:45:16 IST" finished-at="2022-11-24T17:45:17 IST">
          <reporter-output>
          </reporter-output>
        </test-method> <!-- configAC -->
        <test-method status="PASS" signature="configAT()[pri:0, instance:com.ecommerce.opencart.usermodule.LoginToAppTest@569cfc36]" name="configAT" is-config="true" duration-ms="0" started-at="2022-11-24T17:45:17 IST" finished-at="2022-11-24T17:45:17 IST">
          <reporter-output>
          </reporter-output>
        </test-method> <!-- configAT -->
        <test-method status="PASS" signature="configAS()[pri:0, instance:com.ecommerce.opencart.usermodule.LoginToAppTest@569cfc36]" name="configAS" is-config="true" duration-ms="1" started-at="2022-11-24T17:45:17 IST" finished-at="2022-11-24T17:45:17 IST">
          <reporter-output>
          </reporter-output>
        </test-method> <!-- configAS -->
      </class> <!-- com.ecommerce.opencart.usermodule.LoginToAppTest -->
    </test> <!-- Default test -->
  </suite> <!-- Default suite -->
</testng-results>
